<?xml version="1.0" encoding="UTF-8"?>
<testng-results ignored="0" total="3" passed="3" failed="0" skipped="0">
  <reporter-output>
  </reporter-output>
  <suite started-at="2021-12-31T16:38:37 IST" name="Suite" finished-at="2021-12-31T16:39:14 IST" duration-ms="37766">
    <groups>
      <group name="cucumber">
        <method signature="AbstractTestNGCucumberTests.runScenario(io.cucumber.testng.PickleWrapper, io.cucumber.testng.FeatureWrapper)[pri:0, instance:com.mindtree.runner.TestRunner@6c779568]" name="runScenario" class="io.cucumber.testng.AbstractTestNGCucumberTests"/>
      </group> <!-- cucumber -->
    </groups>
    <test started-at="2021-12-31T16:38:37 IST" name="Test" finished-at="2021-12-31T16:39:14 IST" duration-ms="37766">
      <class name="com.mindtree.runner.TestRunner">
        <test-method is-config="true" signature="setUpClass(org.testng.ITestContext)[pri:0, instance:com.mindtree.runner.TestRunner@6c779568]" started-at="2021-12-31T16:38:37 IST" name="setUpClass" finished-at="2021-12-31T16:38:38 IST" duration-ms="872" status="PASS">
          <params>
            <param index="0">
              <value>
                <![CDATA[org.testng.TestRunner@726aa968]]>
              </value>
            </param>
          </params>
          <reporter-output>
          </reporter-output>
        </test-method> <!-- setUpClass -->
        <test-method signature="runScenario(io.cucumber.testng.PickleWrapper, io.cucumber.testng.FeatureWrapper)[pri:0, instance:com.mindtree.runner.TestRunner@6c779568]" started-at="2021-12-31T16:38:38 IST" name="runScenario" description="Runs Cucumber Scenarios" data-provider="scenarios" finished-at="2021-12-31T16:38:48 IST" duration-ms="10392" status="PASS">
          <params>
            <param index="0">
              <value>
                <![CDATA["Search Car and Validate result"]]>
              </value>
            </param>
            <param index="1">
              <value>
                <![CDATA["Optional[Insurance Company]"]]>
              </value>
            </param>
          </params>
          <reporter-output>
          </reporter-output>
        </test-method> <!-- runScenario -->
        <test-method signature="runScenario(io.cucumber.testng.PickleWrapper, io.cucumber.testng.FeatureWrapper)[pri:0, instance:com.mindtree.runner.TestRunner@6c779568]" started-at="2021-12-31T16:38:48 IST" name="runScenario" description="Runs Cucumber Scenarios" data-provider="scenarios" finished-at="2021-12-31T16:39:00 IST" duration-ms="11775" status="PASS">
          <params>
            <param index="0">
              <value>
                <![CDATA["Click on Caseless Garage and Validate result"]]>
              </value>
            </param>
            <param index="1">
              <value>
                <![CDATA["Optional[Insurance Company]"]]>
              </value>
            </param>
          </params>
          <reporter-output>
          </reporter-output>
        </test-method> <!-- runScenario -->
        <test-method signature="runScenario(io.cucumber.testng.PickleWrapper, io.cucumber.testng.FeatureWrapper)[pri:0, instance:com.mindtree.runner.TestRunner@6c779568]" started-at="2021-12-31T16:39:00 IST" name="runScenario" description="Runs Cucumber Scenarios" data-provider="scenarios" finished-at="2021-12-31T16:39:14 IST" duration-ms="14329" status="PASS">
          <params>
            <param index="0">
              <value>
                <![CDATA["Click on Corporate Mission and Validate result"]]>
              </value>
            </param>
            <param index="1">
              <value>
                <![CDATA["Optional[Insurance Company]"]]>
              </value>
            </param>
          </params>
          <reporter-output>
          </reporter-output>
        </test-method> <!-- runScenario -->
        <test-method is-config="true" signature="tearDownClass()[pri:0, instance:com.mindtree.runner.TestRunner@6c779568]" started-at="2021-12-31T16:39:14 IST" name="tearDownClass" finished-at="2021-12-31T16:39:14 IST" duration-ms="352" status="PASS">
          <reporter-output>
          </reporter-output>
        </test-method> <!-- tearDownClass -->
      </class> <!-- com.mindtree.runner.TestRunner -->
    </test> <!-- Test -->
  </suite> <!-- Suite -->
</testng-results>
